<?xml version="1.0" encoding="UTF-8"?>
<testng-results ignored="0" total="2" passed="2" failed="0" skipped="0">
  <reporter-output>
  </reporter-output>
  <suite started-at="2024-06-01T10:12:40 IST" name="Default suite" finished-at="2024-06-01T10:12:53 IST" duration-ms="12407">
    <groups>
    </groups>
    <test started-at="2024-06-01T10:12:40 IST" name="Default test" finished-at="2024-06-01T10:12:53 IST" duration-ms="12407">
      <class name="testScript.TestScript1">
        <test-method is-config="true" signature="openBrowser()[pri:0, instance:testScript.TestScript1@2d710f1a]" started-at="2024-06-01T10:12:40 IST" name="openBrowser" finished-at="2024-06-01T10:12:48 IST" duration-ms="8086" status="PASS">
          <reporter-output>
          </reporter-output>
        </test-method> <!-- openBrowser -->
        <test-method signature="loginTest()[pri:1, instance:testScript.TestScript1@2d710f1a]" started-at="2024-06-01T10:12:48 IST" name="loginTest" finished-at="2024-06-01T10:12:49 IST" duration-ms="907" status="PASS">
          <reporter-output>
          </reporter-output>
        </test-method> <!-- loginTest -->
        <test-method signature="dashboardTest()[pri:2, instance:testScript.TestScript1@2d710f1a]" started-at="2024-06-01T10:12:49 IST" name="dashboardTest" finished-at="2024-06-01T10:12:53 IST" duration-ms="3249" status="PASS">
          <reporter-output>
          </reporter-output>
        </test-method> <!-- dashboardTest -->
        <test-method is-config="true" signature="closeBrowser()[pri:0, instance:testScript.TestScript1@2d710f1a]" started-at="2024-06-01T10:12:53 IST" name="closeBrowser" finished-at="2024-06-01T10:12:53 IST" duration-ms="0" status="PASS">
          <reporter-output>
          </reporter-output>
        </test-method> <!-- closeBrowser -->
      </class> <!-- testScript.TestScript1 -->
    </test> <!-- Default test -->
  </suite> <!-- Default suite -->
</testng-results>
